2026-03-14 19:07:15: Deprecation warning: value provided is not in a recognized RFC2822 or ISO format. moment construction falls back to js Date(), which is not reliable across all browsers and versions. Non RFC2822/ISO date formats are discouraged. Please refer to http://momentjs.com/guides/#/warnings/js-date/ for more info.
Arguments: 
[0] _isAMomentObject: true, _isUTC: false, _useUTC: false, _l: undefined, _i: 190220-11-23, _f: undefined, _strict: undefined, _locale: [object Object]
Error
    at Function.createFromInputFallback (C:\apps\apipersonal-prod\node_modules\moment\moment.js:324:25)
    at configFromString (C:\apps\apipersonal-prod\node_modules\moment\moment.js:2613:19)
    at configFromInput (C:\apps\apipersonal-prod\node_modules\moment\moment.js:3056:13)
    at prepareConfig (C:\apps\apipersonal-prod\node_modules\moment\moment.js:3039:13)
    at createFromConfig (C:\apps\apipersonal-prod\node_modules\moment\moment.js:3006:44)
    at createLocalOrUTC (C:\apps\apipersonal-prod\node_modules\moment\moment.js:3100:16)
    at createLocal (C:\apps\apipersonal-prod\node_modules\moment\moment.js:3104:16)
    at hooks (C:\apps\apipersonal-prod\node_modules\moment\moment.js:16:29)
    at model._sanitize (C:\apps\apipersonal-prod\node_modules\sequelize\lib\data-types.js:356:14)
    at model.set (C:\apps\apipersonal-prod\node_modules\sequelize\lib\model.js:2286:59)
    at model.set (C:\apps\apipersonal-prod\node_modules\sequelize\lib\model.js:2241:18)
    at model._initValues (C:\apps\apipersonal-prod\node_modules\sequelize\lib\model.js:156:10)
    at new Model (C:\apps\apipersonal-prod\node_modules\sequelize\lib\model.js:116:10)
    at new embarazadas (C:\apps\apipersonal-prod\node_modules\sequelize\lib\sequelize.js:223:19)
    at embarazadas.build (C:\apps\apipersonal-prod\node_modules\sequelize\lib\model.js:1344:12)
    at embarazadas.create (C:\apps\apipersonal-prod\node_modules\sequelize\lib\model.js:1362:23)
You have triggered an unhandledRejection, you may have forgotten to catch a Promise rejection:
Error
    at Query.run (C:\apps\apipersonal-prod\node_modules\sequelize\lib\dialects\mysql\query.js:52:25)
    at C:\apps\apipersonal-prod\node_modules\sequelize\lib\sequelize.js:315:28
    at process.processTicksAndRejections (node:internal/process/task_queues:95:5)
    at async MySQLQueryInterface.insert (C:\apps\apipersonal-prod\node_modules\sequelize\lib\dialects\abstract\query-interface.js:308:21)
    at async model.save (C:\apps\apipersonal-prod\node_modules\sequelize\lib\model.js:2490:35)
    at async embarazadas.create (C:\apps\apipersonal-prod\node_modules\sequelize\lib\model.js:1362:12)
    at async C:\apps\apipersonal-prod\dist\routes\crud.routes.js:268:25
