[vie. 13/03/2026 12:12:04,22] Deploy iniciado 

added 72 packages, and audited 73 packages in 8s

3 packages are looking for funding
  run `npm fund` for details

4 vulnerabilities (1 moderate, 2 high, 1 critical)

To address all issues possible (including breaking changes), run:
  npm audit fix --force

Some issues need review, and may require choosing
a different dependency.

Run `npm audit` for details.

> personalv5-front@2.1.0 build
> vite build

[31mfailed to load config from C:\apps\apifront\vite.config.ts[39m
[31merror during build:
Error [ERR_MODULE_NOT_FOUND]: Cannot find package 'vite' imported from C:\apps\apifront\node_modules\.vite-temp\vite.config.ts.timestamp-1773414733625-5ee170c13812c.mjs
    at packageResolve (node:internal/modules/esm/resolve:854:9)
    at moduleResolve (node:internal/modules/esm/resolve:927:18)
    at defaultResolve (node:internal/modules/esm/resolve:1169:11)
    at ModuleLoader.defaultResolve (node:internal/modules/esm/loader:542:12)
    at ModuleLoader.resolve (node:internal/modules/esm/loader:510:25)
    at ModuleLoader.getModuleJob (node:internal/modules/esm/loader:239:38)
    at ModuleWrap.<anonymous> (node:internal/modules/esm/module_job:96:40)
    at link (node:internal/modules/esm/module_job:95:36)[39m
[vie. 13/03/2026 12:37:00,48] Deploy iniciado 

added 59 packages, and audited 132 packages in 4s

10 packages are looking for funding
  run `npm fund` for details

6 vulnerabilities (3 moderate, 2 high, 1 critical)

To address all issues possible (including breaking changes), run:
  npm audit fix --force

Some issues need review, and may require choosing
a different dependency.

Run `npm audit` for details.

> personalv5-front@2.1.0 build
> vite build

[36mvite v5.4.21 [32mbuilding for production...[36m[39m
transforming...
[32mâś“[39m 940 modules transformed.
rendering chunks...
computing gzip size...
[2mdist/[22m[32mindex.html                          [39m[1m[2m    0.40 kB[22m[1m[22m[2m â”‚ gzip:   0.27 kB[22m
[2mdist/[22m[35massets/index-CwDrE09O.css           [39m[1m[2m   45.78 kB[22m[1m[22m[2m â”‚ gzip:   9.57 kB[22m
[2mdist/[22m[36massets/purify.es-BwoZCkIS.js        [39m[1m[2m   22.03 kB[22m[1m[22m[2m â”‚ gzip:   8.77 kB[22m
[2mdist/[22m[36massets/index.es-CfMJ4bRU.js         [39m[1m[2m  150.47 kB[22m[1m[22m[2m â”‚ gzip:  51.44 kB[22m
[2mdist/[22m[36massets/html2canvas.esm-CBrSDip1.js  [39m[1m[2m  201.42 kB[22m[1m[22m[2m â”‚ gzip:  48.03 kB[22m
[2mdist/[22m[36massets/index-BUEFERjK.js            [39m[1m[33m2,089.48 kB[39m[22m[2m â”‚ gzip: 604.16 kB[22m
[33m
(!) Some chunks are larger than 500 kB after minification. Consider:
- Using dynamic import() to code-split the application
- Use build.rollupOptions.output.manualChunks to improve chunking: https://rollupjs.org/configuration-options/#output-manualchunks
- Adjust chunk size limit for this warning via build.chunkSizeWarningLimit.[39m
[32mâś“ built in 12.95s[39m

-------------------------------------------------------------------------------
   ROBOCOPY     ::     Herramienta para copia eficaz de archivos         
-------------------------------------------------------------------------------

  Iniciado : viernes, 13 de marzo de 2026 12:37:19
   Origen : C:\apps\apifront-prod\
     Destino : C:\apps\apifront-backup\

    Archivos: *.*
	    
 Dirs. de ejecutables: node_modules
	    
  Opciones: *.* /NDL /NFL /S /E /DCOPY:DA /COPY:DAT /PURGE /MIR /R:1000000 /W:30 

------------------------------------------------------------------------------


------------------------------------------------------------------------------

               Total   Copiado   OmitidoNo coincidencia     ERROR    Extras
Director.:         5         4         1         0         0         0
 Archivos:        11        11         0         0         0         0
    Bytes:    2.51 m    2.51 m         0         0         0         0
   Tiempo:   0:00:00   0:00:00                       0:00:00   0:00:00


Velocidad:           85.101.000 Bytes/s
Velocidad:             4869,518 Megabytes/min
   Finalizado: viernes, 13 de marzo de 2026 12:37:19


-------------------------------------------------------------------------------
   ROBOCOPY     ::     Herramienta para copia eficaz de archivos         
-------------------------------------------------------------------------------

  Iniciado : viernes, 13 de marzo de 2026 12:37:19
   Origen : C:\apps\apifront\dist\
     Destino : C:\apps\apifront-prod\dist\

    Archivos: *.*
	    
  Opciones: *.* /NDL /NFL /S /E /DCOPY:DA /COPY:DAT /PURGE /MIR /R:1000000 /W:30 

------------------------------------------------------------------------------

	  *Archivo EXTRA		   1.9 m	C:\apps\apifront-prod\dist\assets\index-DJOGC8S9.js
	  *Archivo EXTRA		  150511	C:\apps\apifront-prod\dist\assets\index.es-B9Qc2RQF.js
	  *Archivo EXTRA		   21975	C:\apps\apifront-prod\dist\assets\purify.es-C_uT9hQ1.js

------------------------------------------------------------------------------

               Total   Copiado   OmitidoNo coincidencia     ERROR    Extras
Director.:         2         0         2         0         0         0
 Archivos:         7         7         0         0         0         3
    Bytes:    2.40 m    2.40 m         0         0         0    2.16 m
   Tiempo:   0:00:00   0:00:00                       0:00:00   0:00:00
   Finalizado: viernes, 13 de marzo de 2026 12:37:19


-------------------------------------------------------------------------------
   ROBOCOPY     ::     Herramienta para copia eficaz de archivos         
-------------------------------------------------------------------------------

  Iniciado : viernes, 13 de marzo de 2026 12:37:19
   Origen : C:\apps\apifront\public\
     Destino : C:\apps\apifront-prod\public\

    Archivos: *.*
	    
  Opciones: *.* /NDL /NFL /S /E /DCOPY:DA /COPY:DAT /PURGE /MIR /R:1000000 /W:30 

------------------------------------------------------------------------------


------------------------------------------------------------------------------

               Total   Copiado   OmitidoNo coincidencia     ERROR    Extras
Director.:         1         0         1         0         0         0
 Archivos:         1         1         0         0         0         0
    Bytes:       127       127         0         0         0         0
   Tiempo:   0:00:00   0:00:00                       0:00:00   0:00:00
   Finalizado: viernes, 13 de marzo de 2026 12:37:19

        1 archivo(s) copiado(s).
        1 archivo(s) copiado(s).
        1 archivo(s) copiado(s).

added 131 packages, and audited 132 packages in 10s

10 packages are looking for funding
  run `npm fund` for details

6 vulnerabilities (3 moderate, 2 high, 1 critical)

To address all issues possible (including breaking changes), run:
  npm audit fix --force

Some issues need review, and may require choosing
a different dependency.

Run `npm audit` for details.
[vie. 13/03/2026 12:46:05,52] Deploy iniciado 

up to date, audited 132 packages in 3s

10 packages are looking for funding
  run `npm fund` for details

6 vulnerabilities (3 moderate, 2 high, 1 critical)

To address all issues possible (including breaking changes), run:
  npm audit fix --force

Some issues need review, and may require choosing
a different dependency.

Run `npm audit` for details.

> personalv5-front@2.1.0 build
> vite build

[36mvite v5.4.21 [32mbuilding for production...[36m[39m
transforming...
[32mâś“[39m 940 modules transformed.
rendering chunks...
computing gzip size...
[2mdist/[22m[32mindex.html                          [39m[1m[2m    0.40 kB[22m[1m[22m[2m â”‚ gzip:   0.27 kB[22m
[2mdist/[22m[35massets/index-CwDrE09O.css           [39m[1m[2m   45.78 kB[22m[1m[22m[2m â”‚ gzip:   9.57 kB[22m
[2mdist/[22m[36massets/purify.es-BwoZCkIS.js        [39m[1m[2m   22.03 kB[22m[1m[22m[2m â”‚ gzip:   8.77 kB[22m
[2mdist/[22m[36massets/index.es-CfMJ4bRU.js         [39m[1m[2m  150.47 kB[22m[1m[22m[2m â”‚ gzip:  51.44 kB[22m
[2mdist/[22m[36massets/html2canvas.esm-CBrSDip1.js  [39m[1m[2m  201.42 kB[22m[1m[22m[2m â”‚ gzip:  48.03 kB[22m
[2mdist/[22m[36massets/index-BUEFERjK.js            [39m[1m[33m2,089.48 kB[39m[22m[2m â”‚ gzip: 604.16 kB[22m
[33m
(!) Some chunks are larger than 500 kB after minification. Consider:
- Using dynamic import() to code-split the application
- Use build.rollupOptions.output.manualChunks to improve chunking: https://rollupjs.org/configuration-options/#output-manualchunks
- Adjust chunk size limit for this warning via build.chunkSizeWarningLimit.[39m
[32mâś“ built in 13.35s[39m

-------------------------------------------------------------------------------
   ROBOCOPY     ::     Herramienta para copia eficaz de archivos         
-------------------------------------------------------------------------------

  Iniciado : viernes, 13 de marzo de 2026 12:46:24
   Origen : C:\apps\apifront\dist\
     Destino : C:\apps\apifront-prod\dist\

    Archivos: *.*
	    
  Opciones: *.* /NDL /NFL /S /E /DCOPY:DA /COPY:DAT /PURGE /MIR /R:1000000 /W:30 

------------------------------------------------------------------------------


------------------------------------------------------------------------------

               Total   Copiado   OmitidoNo coincidencia     ERROR    Extras
Director.:         2         2         0         0         0         0
 Archivos:         7         7         0         0         0         0
    Bytes:    2.40 m    2.40 m         0         0         0         0
   Tiempo:   0:00:00   0:00:00                       0:00:00   0:00:00


Velocidad:           157.351.125 Bytes/s
Velocidad:              9003,703 Megabytes/min
   Finalizado: viernes, 13 de marzo de 2026 12:46:24


-------------------------------------------------------------------------------
   ROBOCOPY     ::     Herramienta para copia eficaz de archivos         
-------------------------------------------------------------------------------

  Iniciado : viernes, 13 de marzo de 2026 12:46:24
   Origen : C:\apps\apifront\public\
     Destino : C:\apps\apifront-prod\public\

    Archivos: *.*
	    
  Opciones: *.* /NDL /NFL /S /E /DCOPY:DA /COPY:DAT /PURGE /MIR /R:1000000 /W:30 

------------------------------------------------------------------------------


------------------------------------------------------------------------------

               Total   Copiado   OmitidoNo coincidencia     ERROR    Extras
Director.:         1         1         0         0         0         0
 Archivos:         1         1         0         0         0         0
    Bytes:       127       127         0         0         0         0
   Tiempo:   0:00:00   0:00:00                       0:00:00   0:00:00


Velocidad:               9.071 Bytes/s
Velocidad:               0,519 Megabytes/min
   Finalizado: viernes, 13 de marzo de 2026 12:46:24

        1 archivo(s) copiado(s).
        1 archivo(s) copiado(s).
        1 archivo(s) copiado(s).

added 131 packages, and audited 132 packages in 10s

10 packages are looking for funding
  run `npm fund` for details

6 vulnerabilities (3 moderate, 2 high, 1 critical)

To address all issues possible (including breaking changes), run:
  npm audit fix --force

Some issues need review, and may require choosing
a different dependency.

Run `npm audit` for details.
[vie. 13/03/2026 13:59:31,03] Deploy iniciado 

up to date, audited 132 packages in 2s

10 packages are looking for funding
  run `npm fund` for details

6 vulnerabilities (3 moderate, 2 high, 1 critical)

To address all issues possible (including breaking changes), run:
  npm audit fix --force

Some issues need review, and may require choosing
a different dependency.

Run `npm audit` for details.

> personalv5-front@2.1.0 build
> vite build

[36mvite v5.4.21 [32mbuilding for production...[36m[39m
transforming...
[32mâś“[39m 940 modules transformed.
rendering chunks...
computing gzip size...
[2mdist/[22m[32mindex.html                          [39m[1m[2m    0.40 kB[22m[1m[22m[2m â”‚ gzip:   0.27 kB[22m
[2mdist/[22m[35massets/index-CwDrE09O.css           [39m[1m[2m   45.78 kB[22m[1m[22m[2m â”‚ gzip:   9.57 kB[22m
[2mdist/[22m[36massets/purify.es-BwoZCkIS.js        [39m[1m[2m   22.03 kB[22m[1m[22m[2m â”‚ gzip:   8.77 kB[22m
[2mdist/[22m[36massets/index.es-A2zZpMoJ.js         [39m[1m[2m  150.47 kB[22m[1m[22m[2m â”‚ gzip:  51.44 kB[22m
[2mdist/[22m[36massets/html2canvas.esm-CBrSDip1.js  [39m[1m[2m  201.42 kB[22m[1m[22m[2m â”‚ gzip:  48.03 kB[22m
[2mdist/[22m[36massets/index-BqgM0QDn.js            [39m[1m[33m2,089.53 kB[39m[22m[2m â”‚ gzip: 604.17 kB[22m
[33m
(!) Some chunks are larger than 500 kB after minification. Consider:
- Using dynamic import() to code-split the application
- Use build.rollupOptions.output.manualChunks to improve chunking: https://rollupjs.org/configuration-options/#output-manualchunks
- Adjust chunk size limit for this warning via build.chunkSizeWarningLimit.[39m
[32mâś“ built in 12.27s[39m

-------------------------------------------------------------------------------
   ROBOCOPY     ::     Herramienta para copia eficaz de archivos         
-------------------------------------------------------------------------------

  Iniciado : viernes, 13 de marzo de 2026 13:59:46
   Origen : C:\apps\apifront\dist\
     Destino : C:\apps\apifront-prod\dist\

    Archivos: *.*
	    
  Opciones: *.* /NDL /NFL /S /E /DCOPY:DA /COPY:DAT /PURGE /MIR /R:1000000 /W:30 

------------------------------------------------------------------------------


------------------------------------------------------------------------------

               Total   Copiado   OmitidoNo coincidencia     ERROR    Extras
Director.:         2         2         0         0         0         0
 Archivos:         7         7         0         0         0         0
    Bytes:    2.40 m    2.40 m         0         0         0         0
   Tiempo:   0:00:00   0:00:00                       0:00:00   0:00:00
   Finalizado: viernes, 13 de marzo de 2026 13:59:46


-------------------------------------------------------------------------------
   ROBOCOPY     ::     Herramienta para copia eficaz de archivos         
-------------------------------------------------------------------------------

  Iniciado : viernes, 13 de marzo de 2026 13:59:46
   Origen : C:\apps\apifront\public\
     Destino : C:\apps\apifront-prod\public\

    Archivos: *.*
	    
  Opciones: *.* /NDL /NFL /S /E /DCOPY:DA /COPY:DAT /PURGE /MIR /R:1000000 /W:30 

------------------------------------------------------------------------------


------------------------------------------------------------------------------

               Total   Copiado   OmitidoNo coincidencia     ERROR    Extras
Director.:         1         1         0         0         0         0
 Archivos:         1         1         0         0         0         0
    Bytes:       127       127         0         0         0         0
   Tiempo:   0:00:00   0:00:00                       0:00:00   0:00:00
   Finalizado: viernes, 13 de marzo de 2026 13:59:46

        1 archivo(s) copiado(s).
        1 archivo(s) copiado(s).
        1 archivo(s) copiado(s).

added 131 packages, and audited 132 packages in 14s

10 packages are looking for funding
  run `npm fund` for details

6 vulnerabilities (3 moderate, 2 high, 1 critical)

To address all issues possible (including breaking changes), run:
  npm audit fix --force

Some issues need review, and may require choosing
a different dependency.

Run `npm audit` for details.
[vie. 13/03/2026 16:15:47,81] Deploy iniciado 

up to date, audited 132 packages in 2s

10 packages are looking for funding
  run `npm fund` for details

6 vulnerabilities (3 moderate, 2 high, 1 critical)

To address all issues possible (including breaking changes), run:
  npm audit fix --force

Some issues need review, and may require choosing
a different dependency.

Run `npm audit` for details.

> personalv5-front@2.1.0 build
> vite build

[36mvite v5.4.21 [32mbuilding for production...[36m[39m
transforming...
[32mâś“[39m 940 modules transformed.
rendering chunks...
computing gzip size...
[2mdist/[22m[32mindex.html                          [39m[1m[2m    0.40 kB[22m[1m[22m[2m â”‚ gzip:   0.27 kB[22m
[2mdist/[22m[35massets/index-uQkhCobV.css           [39m[1m[2m   47.07 kB[22m[1m[22m[2m â”‚ gzip:   9.70 kB[22m
[2mdist/[22m[36massets/purify.es-BwoZCkIS.js        [39m[1m[2m   22.03 kB[22m[1m[22m[2m â”‚ gzip:   8.77 kB[22m
[2mdist/[22m[36massets/index.es-BvdkGjtl.js         [39m[1m[2m  150.47 kB[22m[1m[22m[2m â”‚ gzip:  51.44 kB[22m
[2mdist/[22m[36massets/html2canvas.esm-CBrSDip1.js  [39m[1m[2m  201.42 kB[22m[1m[22m[2m â”‚ gzip:  48.03 kB[22m
[2mdist/[22m[36massets/index-6_MxplSk.js            [39m[1m[33m2,089.75 kB[39m[22m[2m â”‚ gzip: 604.20 kB[22m
[33m
(!) Some chunks are larger than 500 kB after minification. Consider:
- Using dynamic import() to code-split the application
- Use build.rollupOptions.output.manualChunks to improve chunking: https://rollupjs.org/configuration-options/#output-manualchunks
- Adjust chunk size limit for this warning via build.chunkSizeWarningLimit.[39m
[32mâś“ built in 12.49s[39m

-------------------------------------------------------------------------------
   ROBOCOPY     ::     Herramienta para copia eficaz de archivos         
-------------------------------------------------------------------------------

  Iniciado : viernes, 13 de marzo de 2026 16:16:03
   Origen : C:\apps\apifront\dist\
     Destino : C:\apps\apifront-prod\dist\

    Archivos: *.*
	    
  Opciones: *.* /NDL /NFL /S /E /DCOPY:DA /COPY:DAT /PURGE /MIR /R:1000000 /W:30 

------------------------------------------------------------------------------


------------------------------------------------------------------------------

               Total   Copiado   OmitidoNo coincidencia     ERROR    Extras
Director.:         2         2         0         0         0         0
 Archivos:         7         7         0         0         0         0
    Bytes:    2.40 m    2.40 m         0         0         0         0
   Tiempo:   0:00:00   0:00:00                       0:00:00   0:00:00


Velocidad:           179.941.357 Bytes/s
Velocidad:             10296,327 Megabytes/min
   Finalizado: viernes, 13 de marzo de 2026 16:16:03


-------------------------------------------------------------------------------
   ROBOCOPY     ::     Herramienta para copia eficaz de archivos         
-------------------------------------------------------------------------------

  Iniciado : viernes, 13 de marzo de 2026 16:16:03
   Origen : C:\apps\apifront\public\
     Destino : C:\apps\apifront-prod\public\

    Archivos: *.*
	    
  Opciones: *.* /NDL /NFL /S /E /DCOPY:DA /COPY:DAT /PURGE /MIR /R:1000000 /W:30 

------------------------------------------------------------------------------


------------------------------------------------------------------------------

               Total   Copiado   OmitidoNo coincidencia     ERROR    Extras
Director.:         1         1         0         0         0         0
 Archivos:         1         1         0         0         0         0
    Bytes:       127       127         0         0         0         0
   Tiempo:   0:00:00   0:00:00                       0:00:00   0:00:00
   Finalizado: viernes, 13 de marzo de 2026 16:16:03

        1 archivo(s) copiado(s).
        1 archivo(s) copiado(s).
        1 archivo(s) copiado(s).

added 131 packages, and audited 132 packages in 13s

10 packages are looking for funding
  run `npm fund` for details

6 vulnerabilities (3 moderate, 2 high, 1 critical)

To address all issues possible (including breaking changes), run:
  npm audit fix --force

Some issues need review, and may require choosing
a different dependency.

Run `npm audit` for details.
[vie. 13/03/2026 16:16:26,66] Deploy iniciado 

up to date, audited 132 packages in 1s

10 packages are looking for funding
  run `npm fund` for details

6 vulnerabilities (3 moderate, 2 high, 1 critical)

To address all issues possible (including breaking changes), run:
  npm audit fix --force

Some issues need review, and may require choosing
a different dependency.

Run `npm audit` for details.

> personalv5-front@2.1.0 build
> vite build

[36mvite v5.4.21 [32mbuilding for production...[36m[39m
transforming...
[32mâś“[39m 940 modules transformed.
rendering chunks...
computing gzip size...
[2mdist/[22m[32mindex.html                          [39m[1m[2m    0.40 kB[22m[1m[22m[2m â”‚ gzip:   0.27 kB[22m
[2mdist/[22m[35massets/index-uQkhCobV.css           [39m[1m[2m   47.07 kB[22m[1m[22m[2m â”‚ gzip:   9.70 kB[22m
[2mdist/[22m[36massets/purify.es-BwoZCkIS.js        [39m[1m[2m   22.03 kB[22m[1m[22m[2m â”‚ gzip:   8.77 kB[22m
[2mdist/[22m[36massets/index.es-BvdkGjtl.js         [39m[1m[2m  150.47 kB[22m[1m[22m[2m â”‚ gzip:  51.44 kB[22m
[2mdist/[22m[36massets/html2canvas.esm-CBrSDip1.js  [39m[1m[2m  201.42 kB[22m[1m[22m[2m â”‚ gzip:  48.03 kB[22m
[2mdist/[22m[36massets/index-6_MxplSk.js            [39m[1m[33m2,089.75 kB[39m[22m[2m â”‚ gzip: 604.20 kB[22m
[33m
(!) Some chunks are larger than 500 kB after minification. Consider:
- Using dynamic import() to code-split the application
- Use build.rollupOptions.output.manualChunks to improve chunking: https://rollupjs.org/configuration-options/#output-manualchunks
- Adjust chunk size limit for this warning via build.chunkSizeWarningLimit.[39m
[32mâś“ built in 13.01s[39m

-------------------------------------------------------------------------------
   ROBOCOPY     ::     Herramienta para copia eficaz de archivos         
-------------------------------------------------------------------------------

  Iniciado : viernes, 13 de marzo de 2026 16:16:42
   Origen : C:\apps\apifront-prod\
     Destino : C:\apps\apifront-backup\

    Archivos: *.*
	    
 Dirs. de ejecutables: node_modules
	    
  Opciones: *.* /NDL /NFL /S /E /DCOPY:DA /COPY:DAT /PURGE /MIR /R:1000000 /W:30 

------------------------------------------------------------------------------


------------------------------------------------------------------------------

               Total   Copiado   OmitidoNo coincidencia     ERROR    Extras
Director.:         5         4         1         0         0         0
 Archivos:        11        11         0         0         0         0
    Bytes:    2.48 m    2.48 m         0         0         0         0
   Tiempo:   0:00:00   0:00:00                       0:00:00   0:00:00


Velocidad:           162.674.937 Bytes/s
Velocidad:              9308,335 Megabytes/min
   Finalizado: viernes, 13 de marzo de 2026 16:16:42


-------------------------------------------------------------------------------
   ROBOCOPY     ::     Herramienta para copia eficaz de archivos         
-------------------------------------------------------------------------------

  Iniciado : viernes, 13 de marzo de 2026 16:16:42
   Origen : C:\apps\apifront\dist\
     Destino : C:\apps\apifront-prod\dist\

    Archivos: *.*
	    
  Opciones: *.* /NDL /NFL /S /E /DCOPY:DA /COPY:DAT /PURGE /MIR /R:1000000 /W:30 

------------------------------------------------------------------------------


------------------------------------------------------------------------------

               Total   Copiado   OmitidoNo coincidencia     ERROR    Extras
Director.:         2         0         2         0         0         0
 Archivos:         7         7         0         0         0         0
    Bytes:    2.40 m    2.40 m         0         0         0         0
   Tiempo:   0:00:00   0:00:00                       0:00:00   0:00:00


Velocidad:           179.941.357 Bytes/s
Velocidad:             10296,327 Megabytes/min
   Finalizado: viernes, 13 de marzo de 2026 16:16:42


-------------------------------------------------------------------------------
   ROBOCOPY     ::     Herramienta para copia eficaz de archivos         
-------------------------------------------------------------------------------

  Iniciado : viernes, 13 de marzo de 2026 16:16:42
   Origen : C:\apps\apifront\public\
     Destino : C:\apps\apifront-prod\public\

    Archivos: *.*
	    
  Opciones: *.* /NDL /NFL /S /E /DCOPY:DA /COPY:DAT /PURGE /MIR /R:1000000 /W:30 

------------------------------------------------------------------------------


------------------------------------------------------------------------------

               Total   Copiado   OmitidoNo coincidencia     ERROR    Extras
Director.:         1         0         1         0         0         0
 Archivos:         1         0         1         0         0         0
    Bytes:       127         0       127         0         0         0
   Tiempo:   0:00:00   0:00:00                       0:00:00   0:00:00
   Finalizado: viernes, 13 de marzo de 2026 16:16:42

        1 archivo(s) copiado(s).
        1 archivo(s) copiado(s).
        1 archivo(s) copiado(s).

added 131 packages, and audited 132 packages in 12s

10 packages are looking for funding
  run `npm fund` for details

6 vulnerabilities (3 moderate, 2 high, 1 critical)

To address all issues possible (including breaking changes), run:
  npm audit fix --force

Some issues need review, and may require choosing
a different dependency.

Run `npm audit` for details.
[vie. 13/03/2026 16:18:48,65] Deploy iniciado 

up to date, audited 132 packages in 1s

10 packages are looking for funding
  run `npm fund` for details

6 vulnerabilities (3 moderate, 2 high, 1 critical)

To address all issues possible (including breaking changes), run:
  npm audit fix --force

Some issues need review, and may require choosing
a different dependency.

Run `npm audit` for details.

> personalv5-front@2.1.0 build
> vite build

^C^C[vie. 13/03/2026 17:30:37,31] Deploy iniciado 

up to date, audited 132 packages in 2s

10 packages are looking for funding
  run `npm fund` for details

6 vulnerabilities (3 moderate, 2 high, 1 critical)

To address all issues possible (including breaking changes), run:
  npm audit fix --force

Some issues need review, and may require choosing
a different dependency.

Run `npm audit` for details.

> personalv5-front@2.1.0 build
> vite build

[36mvite v5.4.21 [32mbuilding for production...[36m[39m
transforming...
[32mâś“[39m 939 modules transformed.
rendering chunks...
computing gzip size...
[2mdist/[22m[32mindex.html                          [39m[1m[2m    0.40 kB[22m[1m[22m[2m â”‚ gzip:   0.27 kB[22m
[2mdist/[22m[35massets/index-uQkhCobV.css           [39m[1m[2m   47.07 kB[22m[1m[22m[2m â”‚ gzip:   9.70 kB[22m
[2mdist/[22m[36massets/purify.es-BwoZCkIS.js        [39m[1m[2m   22.03 kB[22m[1m[22m[2m â”‚ gzip:   8.77 kB[22m
[2mdist/[22m[36massets/index.es-CbVYosgU.js         [39m[1m[2m  150.47 kB[22m[1m[22m[2m â”‚ gzip:  51.44 kB[22m
[2mdist/[22m[36massets/html2canvas.esm-CBrSDip1.js  [39m[1m[2m  201.42 kB[22m[1m[22m[2m â”‚ gzip:  48.03 kB[22m
[2mdist/[22m[36massets/index-DlENmYYO.js            [39m[1m[33m2,091.42 kB[39m[22m[2m â”‚ gzip: 604.45 kB[22m
[33m
(!) Some chunks are larger than 500 kB after minification. Consider:
- Using dynamic import() to code-split the application
- Use build.rollupOptions.output.manualChunks to improve chunking: https://rollupjs.org/configuration-options/#output-manualchunks
- Adjust chunk size limit for this warning via build.chunkSizeWarningLimit.[39m
[32mâś“ built in 12.53s[39m

-------------------------------------------------------------------------------
   ROBOCOPY     ::     Herramienta para copia eficaz de archivos         
-------------------------------------------------------------------------------

  Iniciado : viernes, 13 de marzo de 2026 17:30:53
   Origen : C:\apps\apifront-prod\
     Destino : C:\apps\apifront-backup\

    Archivos: *.*
	    
 Dirs. de ejecutables: node_modules
	    
  Opciones: *.* /NDL /NFL /S /E /DCOPY:DA /COPY:DAT /PURGE /MIR /R:1000000 /W:30 

------------------------------------------------------------------------------


------------------------------------------------------------------------------

               Total   Copiado   OmitidoNo coincidencia     ERROR    Extras
Director.:         5         4         1         0         0         0
 Archivos:        11        11         0         0         0         0
    Bytes:    2.48 m    2.48 m         0         0         0         0
   Tiempo:   0:00:00   0:00:00                       0:00:00   0:00:00


Velocidad:           236.618.090 Bytes/s
Velocidad:             13539,396 Megabytes/min
   Finalizado: viernes, 13 de marzo de 2026 17:30:53


-------------------------------------------------------------------------------
   ROBOCOPY     ::     Herramienta para copia eficaz de archivos         
-------------------------------------------------------------------------------

  Iniciado : viernes, 13 de marzo de 2026 17:30:53
   Origen : C:\apps\apifront\dist\
     Destino : C:\apps\apifront-prod\dist\

    Archivos: *.*
	    
  Opciones: *.* /NDL /NFL /S /E /DCOPY:DA /COPY:DAT /PURGE /MIR /R:1000000 /W:30 

------------------------------------------------------------------------------

	  *Archivo EXTRA		   1.9 m	C:\apps\apifront-prod\dist\assets\index-6_MxplSk.js
	  *Archivo EXTRA		  150511	C:\apps\apifront-prod\dist\assets\index.es-BvdkGjtl.js

------------------------------------------------------------------------------

               Total   Copiado   OmitidoNo coincidencia     ERROR    Extras
Director.:         2         0         2         0         0         0
 Archivos:         7         7         0         0         0         2
    Bytes:    2.40 m    2.40 m         0         0         0    2.14 m
   Tiempo:   0:00:00   0:00:00                       0:00:00   0:00:00


Velocidad:           360.124.714 Bytes/s
Velocidad:             20606,502 Megabytes/min
   Finalizado: viernes, 13 de marzo de 2026 17:30:53


-------------------------------------------------------------------------------
   ROBOCOPY     ::     Herramienta para copia eficaz de archivos         
-------------------------------------------------------------------------------

  Iniciado : viernes, 13 de marzo de 2026 17:30:53
   Origen : C:\apps\apifront\public\
     Destino : C:\apps\apifront-prod\public\

    Archivos: *.*
	    
  Opciones: *.* /NDL /NFL /S /E /DCOPY:DA /COPY:DAT /PURGE /MIR /R:1000000 /W:30 

------------------------------------------------------------------------------


------------------------------------------------------------------------------

               Total   Copiado   OmitidoNo coincidencia     ERROR    Extras
Director.:         1         0         1         0         0         0
 Archivos:         1         0         1         0         0         0
    Bytes:       127         0       127         0         0         0
   Tiempo:   0:00:00   0:00:00                       0:00:00   0:00:00
   Finalizado: viernes, 13 de marzo de 2026 17:30:53

        1 archivo(s) copiado(s).
        1 archivo(s) copiado(s).
        1 archivo(s) copiado(s).

added 131 packages, and audited 132 packages in 11s

10 packages are looking for funding
  run `npm fund` for details

6 vulnerabilities (3 moderate, 2 high, 1 critical)

To address all issues possible (including breaking changes), run:
  npm audit fix --force

Some issues need review, and may require choosing
a different dependency.

Run `npm audit` for details.
[s b. 14/03/2026 12:06:02,77] Deploy iniciado 

up to date, audited 132 packages in 2s

10 packages are looking for funding
  run `npm fund` for details

6 vulnerabilities (3 moderate, 2 high, 1 critical)

To address all issues possible (including breaking changes), run:
  npm audit fix --force

Some issues need review, and may require choosing
a different dependency.

Run `npm audit` for details.

> personalv5-front@2.1.0 build
> vite build

[36mvite v5.4.21 [32mbuilding for production...[36m[39m
transforming...
[32mâś“[39m 939 modules transformed.
rendering chunks...
computing gzip size...
[2mdist/[22m[32mindex.html                          [39m[1m[2m    0.40 kB[22m[1m[22m[2m â”‚ gzip:   0.27 kB[22m
[2mdist/[22m[35massets/index-uQkhCobV.css           [39m[1m[2m   47.07 kB[22m[1m[22m[2m â”‚ gzip:   9.70 kB[22m
[2mdist/[22m[36massets/purify.es-BwoZCkIS.js        [39m[1m[2m   22.03 kB[22m[1m[22m[2m â”‚ gzip:   8.77 kB[22m
[2mdist/[22m[36massets/index.es-CbVYosgU.js         [39m[1m[2m  150.47 kB[22m[1m[22m[2m â”‚ gzip:  51.44 kB[22m
[2mdist/[22m[36massets/html2canvas.esm-CBrSDip1.js  [39m[1m[2m  201.42 kB[22m[1m[22m[2m â”‚ gzip:  48.03 kB[22m
[2mdist/[22m[36massets/index-DlENmYYO.js            [39m[1m[33m2,091.42 kB[39m[22m[2m â”‚ gzip: 604.45 kB[22m
[33m
(!) Some chunks are larger than 500 kB after minification. Consider:
- Using dynamic import() to code-split the application
- Use build.rollupOptions.output.manualChunks to improve chunking: https://rollupjs.org/configuration-options/#output-manualchunks
- Adjust chunk size limit for this warning via build.chunkSizeWarningLimit.[39m
[32mâś“ built in 13.01s[39m

-------------------------------------------------------------------------------
   ROBOCOPY     ::     Herramienta para copia eficaz de archivos         
-------------------------------------------------------------------------------

  Iniciado : s bado, 14 de marzo de 2026 12:06:19
   Origen : C:\apps\apifront\dist\
     Destino : C:\apps\apifront-prod\dist\

    Archivos: *.*
	    
  Opciones: *.* /NDL /NFL /S /E /DCOPY:DA /COPY:DAT /PURGE /MIR /R:1000000 /W:30 

------------------------------------------------------------------------------


------------------------------------------------------------------------------

               Total   Copiado   OmitidoNo coincidencia     ERROR    Extras
Director.:         2         2         0         0         0         0
 Archivos:         7         7         0         0         0         0
    Bytes:    2.40 m    2.40 m         0         0         0         0
   Tiempo:   0:00:00   0:00:00                       0:00:00   0:00:00


Velocidad:           74.143.323 Bytes/s
Velocidad:             4242,515 Megabytes/min
   Finalizado: s bado, 14 de marzo de 2026 12:06:19


-------------------------------------------------------------------------------
   ROBOCOPY     ::     Herramienta para copia eficaz de archivos         
-------------------------------------------------------------------------------

  Iniciado : s bado, 14 de marzo de 2026 12:06:19
   Origen : C:\apps\apifront\public\
     Destino : C:\apps\apifront-prod\public\

    Archivos: *.*
	    
  Opciones: *.* /NDL /NFL /S /E /DCOPY:DA /COPY:DAT /PURGE /MIR /R:1000000 /W:30 

------------------------------------------------------------------------------


------------------------------------------------------------------------------

               Total   Copiado   OmitidoNo coincidencia     ERROR    Extras
Director.:         1         1         0         0         0         0
 Archivos:         1         1         0         0         0         0
    Bytes:       127       127         0         0         0         0
   Tiempo:   0:00:00   0:00:00                       0:00:00   0:00:00


Velocidad:             127.000 Bytes/s
Velocidad:               7,267 Megabytes/min
   Finalizado: s bado, 14 de marzo de 2026 12:06:19

        1 archivo(s) copiado(s).
        1 archivo(s) copiado(s).
        1 archivo(s) copiado(s).

added 131 packages, and audited 132 packages in 12s

10 packages are looking for funding
  run `npm fund` for details

6 vulnerabilities (3 moderate, 2 high, 1 critical)

To address all issues possible (including breaking changes), run:
  npm audit fix --force

Some issues need review, and may require choosing
a different dependency.

Run `npm audit` for details.
[s b. 14/03/2026 12:32:56,15] Deploy iniciado 

up to date, audited 132 packages in 1s

10 packages are looking for funding
  run `npm fund` for details

6 vulnerabilities (3 moderate, 2 high, 1 critical)

To address all issues possible (including breaking changes), run:
  npm audit fix --force

Some issues need review, and may require choosing
a different dependency.

Run `npm audit` for details.

> personalv5-front@2.1.0 build
> vite build

[36mvite v5.4.21 [32mbuilding for production...[36m[39m
transforming...
[32mâś“[39m 939 modules transformed.
rendering chunks...
computing gzip size...
[2mdist/[22m[32mindex.html                          [39m[1m[2m    0.40 kB[22m[1m[22m[2m â”‚ gzip:   0.27 kB[22m
[2mdist/[22m[35massets/index-uQkhCobV.css           [39m[1m[2m   47.07 kB[22m[1m[22m[2m â”‚ gzip:   9.70 kB[22m
[2mdist/[22m[36massets/purify.es-BwoZCkIS.js        [39m[1m[2m   22.03 kB[22m[1m[22m[2m â”‚ gzip:   8.77 kB[22m
[2mdist/[22m[36massets/index.es-CbVYosgU.js         [39m[1m[2m  150.47 kB[22m[1m[22m[2m â”‚ gzip:  51.44 kB[22m
[2mdist/[22m[36massets/html2canvas.esm-CBrSDip1.js  [39m[1m[2m  201.42 kB[22m[1m[22m[2m â”‚ gzip:  48.03 kB[22m
[2mdist/[22m[36massets/index-DlENmYYO.js            [39m[1m[33m2,091.42 kB[39m[22m[2m â”‚ gzip: 604.45 kB[22m
[33m
(!) Some chunks are larger than 500 kB after minification. Consider:
- Using dynamic import() to code-split the application
- Use build.rollupOptions.output.manualChunks to improve chunking: https://rollupjs.org/configuration-options/#output-manualchunks
- Adjust chunk size limit for this warning via build.chunkSizeWarningLimit.[39m
[32mâś“ built in 13.05s[39m

-------------------------------------------------------------------------------
   ROBOCOPY     ::     Herramienta para copia eficaz de archivos         
-------------------------------------------------------------------------------

  Iniciado : s bado, 14 de marzo de 2026 12:33:12
   Origen : C:\apps\apifront\dist\
     Destino : C:\apps\apifront-prod\dist\

    Archivos: *.*
	    
  Opciones: *.* /NDL /NFL /S /E /DCOPY:DA /COPY:DAT /PURGE /MIR /R:1000000 /W:30 

------------------------------------------------------------------------------


------------------------------------------------------------------------------

               Total   Copiado   OmitidoNo coincidencia     ERROR    Extras
Director.:         2         2         0         0         0         0
 Archivos:         7         7         0         0         0         0
    Bytes:    2.40 m    2.40 m         0         0         0         0
   Tiempo:   0:00:00   0:00:00                       0:00:00   0:00:00


Velocidad:           140.048.500 Bytes/s
Velocidad:              8013,640 Megabytes/min
   Finalizado: s bado, 14 de marzo de 2026 12:33:12


-------------------------------------------------------------------------------
   ROBOCOPY     ::     Herramienta para copia eficaz de archivos         
-------------------------------------------------------------------------------

  Iniciado : s bado, 14 de marzo de 2026 12:33:12
   Origen : C:\apps\apifront\public\
     Destino : C:\apps\apifront-prod\public\

    Archivos: *.*
	    
  Opciones: *.* /NDL /NFL /S /E /DCOPY:DA /COPY:DAT /PURGE /MIR /R:1000000 /W:30 

------------------------------------------------------------------------------


------------------------------------------------------------------------------

               Total   Copiado   OmitidoNo coincidencia     ERROR    Extras
Director.:         1         1         0         0         0         0
 Archivos:         1         1         0         0         0         0
    Bytes:       127       127         0         0         0         0
   Tiempo:   0:00:00   0:00:00                       0:00:00   0:00:00


Velocidad:             127.000 Bytes/s
Velocidad:               7,267 Megabytes/min
   Finalizado: s bado, 14 de marzo de 2026 12:33:12

        1 archivo(s) copiado(s).
        1 archivo(s) copiado(s).
        1 archivo(s) copiado(s).

added 131 packages, and audited 132 packages in 10s

10 packages are looking for funding
  run `npm fund` for details

6 vulnerabilities (3 moderate, 2 high, 1 critical)

To address all issues possible (including breaking changes), run:
  npm audit fix --force

Some issues need review, and may require choosing
a different dependency.

Run `npm audit` for details.
[s b. 14/03/2026 13:57:05,51] Deploy iniciado 

up to date, audited 132 packages in 4s

10 packages are looking for funding
  run `npm fund` for details

6 vulnerabilities (3 moderate, 2 high, 1 critical)

To address all issues possible (including breaking changes), run:
  npm audit fix --force

Some issues need review, and may require choosing
a different dependency.

Run `npm audit` for details.

> personalv5-front@2.1.0 build
> vite build

[36mvite v5.4.21 [32mbuilding for production...[36m[39m
transforming...
[32mâś“[39m 939 modules transformed.
rendering chunks...
computing gzip size...
[2mdist/[22m[32mindex.html                          [39m[1m[2m    0.40 kB[22m[1m[22m[2m â”‚ gzip:   0.27 kB[22m
[2mdist/[22m[35massets/index-uQkhCobV.css           [39m[1m[2m   47.07 kB[22m[1m[22m[2m â”‚ gzip:   9.70 kB[22m
[2mdist/[22m[36massets/purify.es-BwoZCkIS.js        [39m[1m[2m   22.03 kB[22m[1m[22m[2m â”‚ gzip:   8.77 kB[22m
[2mdist/[22m[36massets/index.es-yqNz3Fv0.js         [39m[1m[2m  150.47 kB[22m[1m[22m[2m â”‚ gzip:  51.44 kB[22m
[2mdist/[22m[36massets/html2canvas.esm-CBrSDip1.js  [39m[1m[2m  201.42 kB[22m[1m[22m[2m â”‚ gzip:  48.03 kB[22m
[2mdist/[22m[36massets/index-DPCT0Lng.js            [39m[1m[33m2,091.53 kB[39m[22m[2m â”‚ gzip: 604.48 kB[22m
[33m
(!) Some chunks are larger than 500 kB after minification. Consider:
- Using dynamic import() to code-split the application
- Use build.rollupOptions.output.manualChunks to improve chunking: https://rollupjs.org/configuration-options/#output-manualchunks
- Adjust chunk size limit for this warning via build.chunkSizeWarningLimit.[39m
[32mâś“ built in 14.71s[39m

-------------------------------------------------------------------------------
   ROBOCOPY     ::     Herramienta para copia eficaz de archivos         
-------------------------------------------------------------------------------

  Iniciado : s bado, 14 de marzo de 2026 13:57:25
   Origen : C:\apps\apifront\dist\
     Destino : C:\apps\apifront-prod\dist\

    Archivos: *.*
	    
  Opciones: *.* /NDL /NFL /S /E /DCOPY:DA /COPY:DAT /PURGE /MIR /R:1000000 /W:30 

------------------------------------------------------------------------------


------------------------------------------------------------------------------

               Total   Copiado   OmitidoNo coincidencia     ERROR    Extras
Director.:         2         2         0         0         0         0
 Archivos:         7         7         0         0         0         0
    Bytes:    2.40 m    2.40 m         0         0         0         0
   Tiempo:   0:00:00   0:00:00                       0:00:00   0:00:00


Velocidad:           229.179.909 Bytes/s
Velocidad:             13113,779 Megabytes/min
   Finalizado: s bado, 14 de marzo de 2026 13:57:25


-------------------------------------------------------------------------------
   ROBOCOPY     ::     Herramienta para copia eficaz de archivos         
-------------------------------------------------------------------------------

  Iniciado : s bado, 14 de marzo de 2026 13:57:25
   Origen : C:\apps\apifront\public\
     Destino : C:\apps\apifront-prod\public\

    Archivos: *.*
	    
  Opciones: *.* /NDL /NFL /S /E /DCOPY:DA /COPY:DAT /PURGE /MIR /R:1000000 /W:30 

------------------------------------------------------------------------------


------------------------------------------------------------------------------

               Total   Copiado   OmitidoNo coincidencia     ERROR    Extras
Director.:         1         1         0         0         0         0
 Archivos:         1         1         0         0         0         0
    Bytes:       127       127         0         0         0         0
   Tiempo:   0:00:00   0:00:00                       0:00:00   0:00:00


Velocidad:             127.000 Bytes/s
Velocidad:               7,267 Megabytes/min
   Finalizado: s bado, 14 de marzo de 2026 13:57:25

        1 archivo(s) copiado(s).
        1 archivo(s) copiado(s).
        1 archivo(s) copiado(s).

added 131 packages, and audited 132 packages in 13s

10 packages are looking for funding
  run `npm fund` for details

6 vulnerabilities (3 moderate, 2 high, 1 critical)

To address all issues possible (including breaking changes), run:
  npm audit fix --force

Some issues need review, and may require choosing
a different dependency.

Run `npm audit` for details.
